{"uuid":"3d8c52d4-a956-4af5-89c9-ee26f227e7c5","historyId":"149f2231bd57f2e1ca992755133a57a3","fullName":"Etsy websitesi Ui test: Login olma","labels":[{"name":"tag","value":"etsy"},{"name":"host","value":"Mustafa"},{"name":"thread","value":"14208@Mustafa.main(1)"},{"name":"feature","value":"Etsy websitesi Ui test"},{"name":"story","value":"Login olma"},{"name":"suite","value":"Etsy websitesi Ui test"},{"name":"testClass","value":"Login olma"},{"name":"framework","value":"cucumber4jvm"},{"name":"language","value":"java"},{"name":"gherkin_uri","value":"file:///C:/Users/musta/IdeaProjects/com.etsyUi/src/test/resources/etsy.feature"},{"name":"package","value":"src.test.resources.etsy_feature.Etsy websitesi Ui test"}],"links":[],"name":"Login olma","status":"broken","statusDetails":{"known":false,"muted":false,"flaky":false,"message":"element not interactable\n  (Session info: chrome=114.0.5735.110)\nBuild info: version: '4.9.1', revision: 'eb2032df7f'\nSystem info: os.name: 'Windows 11', os.arch: 'amd64', os.version: '10.0', java.version: '20.0.1'\nDriver info: org.openqa.selenium.chrome.ChromeDriver\nCommand: [14171043e0a0a158f4c6b6d6fdb8ea3e, clickElement {id=41483DB7153E099D378DCD4D072EBFBA_element_166}]\nCapabilities {acceptInsecureCerts: false, browserName: chrome, browserVersion: 114.0.5735.110, chrome: {chromedriverVersion: 114.0.5735.90 (386bc09e8f4f..., userDataDir: C:\\Users\\musta\\AppData\\Loca...}, goog:chromeOptions: {debuggerAddress: localhost:51295}, networkConnectionEnabled: false, pageLoadStrategy: normal, platformName: windows, proxy: Proxy(), se:cdp: ws://localhost:51295/devtoo..., se:cdpVersion: 114.0.5735.110, setWindowRect: true, strictFileInteractability: false, timeouts: {implicit: 0, pageLoad: 300000, script: 30000}, unhandledPromptBehavior: dismiss and notify, webauthn:extension:credBlob: true, webauthn:extension:largeBlob: true, webauthn:extension:minPinLength: true, webauthn:extension:prf: true, webauthn:virtualAuthenticators: true}\nElement: [[ChromeDriver: chrome on windows (14171043e0a0a158f4c6b6d6fdb8ea3e)] -> xpath: (//button[@class='wt-btn wt-btn--filled wt-width-full'])[1]]\nSession ID: 14171043e0a0a158f4c6b6d6fdb8ea3e","trace":"org.openqa.selenium.ElementNotInteractableException: element not interactable\n  (Session info: chrome=114.0.5735.110)\nBuild info: version: '4.9.1', revision: 'eb2032df7f'\nSystem info: os.name: 'Windows 11', os.arch: 'amd64', os.version: '10.0', java.version: '20.0.1'\nDriver info: org.openqa.selenium.chrome.ChromeDriver\nCommand: [14171043e0a0a158f4c6b6d6fdb8ea3e, clickElement {id=41483DB7153E099D378DCD4D072EBFBA_element_166}]\nCapabilities {acceptInsecureCerts: false, browserName: chrome, browserVersion: 114.0.5735.110, chrome: {chromedriverVersion: 114.0.5735.90 (386bc09e8f4f..., userDataDir: C:\\Users\\musta\\AppData\\Loca...}, goog:chromeOptions: {debuggerAddress: localhost:51295}, networkConnectionEnabled: false, pageLoadStrategy: normal, platformName: windows, proxy: Proxy(), se:cdp: ws://localhost:51295/devtoo..., se:cdpVersion: 114.0.5735.110, setWindowRect: true, strictFileInteractability: false, timeouts: {implicit: 0, pageLoad: 300000, script: 30000}, unhandledPromptBehavior: dismiss and notify, webauthn:extension:credBlob: true, webauthn:extension:largeBlob: true, webauthn:extension:minPinLength: true, webauthn:extension:prf: true, webauthn:virtualAuthenticators: true}\nElement: [[ChromeDriver: chrome on windows (14171043e0a0a158f4c6b6d6fdb8ea3e)] -> xpath: (//button[@class='wt-btn wt-btn--filled wt-width-full'])[1]]\nSession ID: 14171043e0a0a158f4c6b6d6fdb8ea3e\r\n\tat java.base/jdk.internal.reflect.DirectConstructorHandleAccessor.newInstance(DirectConstructorHandleAccessor.java:67)\r\n\tat java.base/java.lang.reflect.Constructor.newInstanceWithCaller(Constructor.java:500)\r\n\tat java.base/java.lang.reflect.Constructor.newInstance(Constructor.java:484)\r\n\tat org.openqa.selenium.remote.codec.w3c.W3CHttpResponseCodec.createException(W3CHttpResponseCodec.java:200)\r\n\tat org.openqa.selenium.remote.codec.w3c.W3CHttpResponseCodec.decode(W3CHttpResponseCodec.java:133)\r\n\tat org.openqa.selenium.remote.codec.w3c.W3CHttpResponseCodec.decode(W3CHttpResponseCodec.java:53)\r\n\tat org.openqa.selenium.remote.HttpCommandExecutor.execute(HttpCommandExecutor.java:193)\r\n\tat org.openqa.selenium.remote.service.DriverCommandExecutor.invokeExecute(DriverCommandExecutor.java:183)\r\n\tat org.openqa.selenium.remote.service.DriverCommandExecutor.execute(DriverCommandExecutor.java:158)\r\n\tat org.openqa.selenium.remote.RemoteWebDriver.execute(RemoteWebDriver.java:543)\r\n\tat org.openqa.selenium.remote.RemoteWebElement.execute(RemoteWebElement.java:257)\r\n\tat org.openqa.selenium.remote.RemoteWebElement.click(RemoteWebElement.java:78)\r\n\tat java.base/jdk.internal.reflect.DirectMethodHandleAccessor.invoke(DirectMethodHandleAccessor.java:104)\r\n\tat java.base/java.lang.reflect.Method.invoke(Method.java:578)\r\n\tat org.openqa.selenium.support.pagefactory.internal.LocatingElementHandler.invoke(LocatingElementHandler.java:52)\r\n\tat jdk.proxy2/jdk.proxy2.$Proxy21.click(Unknown Source)\r\n\tat pages.EtsyPage.addToCart(EtsyPage.java:132)\r\n\tat stepDefinitions.etsyStepDefinition.sepeteUrunEkler(etsyStepDefinition.java:43)\r\n\tat ✽.Sepete urun ekler(file:///C:/Users/musta/IdeaProjects/com.etsyUi/src/test/resources/etsy.feature:18)\r\n"},"stage":"finished","steps":[{"name":"Given  Kullanici \"etsyUrl\" anasayfasina giris yapar","status":"passed","statusDetails":{"known":false,"muted":false,"flaky":false},"stage":"finished","steps":[],"attachments":[],"parameters":[],"start":1686402771601,"stop":1686402774985},{"name":"Then  Kullanici login islemini tamamlar","status":"passed","statusDetails":{"known":false,"muted":false,"flaky":false},"stage":"finished","steps":[],"attachments":[],"parameters":[],"start":1686402774986,"stop":1686402778335},{"name":"And  Sepete urun ekler","status":"broken","statusDetails":{"known":false,"muted":false,"flaky":false,"message":"element not interactable\n  (Session info: chrome=114.0.5735.110)\nBuild info: version: '4.9.1', revision: 'eb2032df7f'\nSystem info: os.name: 'Windows 11', os.arch: 'amd64', os.version: '10.0', java.version: '20.0.1'\nDriver info: org.openqa.selenium.chrome.ChromeDriver\nCommand: [14171043e0a0a158f4c6b6d6fdb8ea3e, clickElement {id=41483DB7153E099D378DCD4D072EBFBA_element_166}]\nCapabilities {acceptInsecureCerts: false, browserName: chrome, browserVersion: 114.0.5735.110, chrome: {chromedriverVersion: 114.0.5735.90 (386bc09e8f4f..., userDataDir: C:\\Users\\musta\\AppData\\Loca...}, goog:chromeOptions: {debuggerAddress: localhost:51295}, networkConnectionEnabled: false, pageLoadStrategy: normal, platformName: windows, proxy: Proxy(), se:cdp: ws://localhost:51295/devtoo..., se:cdpVersion: 114.0.5735.110, setWindowRect: true, strictFileInteractability: false, timeouts: {implicit: 0, pageLoad: 300000, script: 30000}, unhandledPromptBehavior: dismiss and notify, webauthn:extension:credBlob: true, webauthn:extension:largeBlob: true, webauthn:extension:minPinLength: true, webauthn:extension:prf: true, webauthn:virtualAuthenticators: true}\nElement: [[ChromeDriver: chrome on windows (14171043e0a0a158f4c6b6d6fdb8ea3e)] -> xpath: (//button[@class='wt-btn wt-btn--filled wt-width-full'])[1]]\nSession ID: 14171043e0a0a158f4c6b6d6fdb8ea3e","trace":"org.openqa.selenium.ElementNotInteractableException: element not interactable\n  (Session info: chrome=114.0.5735.110)\nBuild info: version: '4.9.1', revision: 'eb2032df7f'\nSystem info: os.name: 'Windows 11', os.arch: 'amd64', os.version: '10.0', java.version: '20.0.1'\nDriver info: org.openqa.selenium.chrome.ChromeDriver\nCommand: [14171043e0a0a158f4c6b6d6fdb8ea3e, clickElement {id=41483DB7153E099D378DCD4D072EBFBA_element_166}]\nCapabilities {acceptInsecureCerts: false, browserName: chrome, browserVersion: 114.0.5735.110, chrome: {chromedriverVersion: 114.0.5735.90 (386bc09e8f4f..., userDataDir: C:\\Users\\musta\\AppData\\Loca...}, goog:chromeOptions: {debuggerAddress: localhost:51295}, networkConnectionEnabled: false, pageLoadStrategy: normal, platformName: windows, proxy: Proxy(), se:cdp: ws://localhost:51295/devtoo..., se:cdpVersion: 114.0.5735.110, setWindowRect: true, strictFileInteractability: false, timeouts: {implicit: 0, pageLoad: 300000, script: 30000}, unhandledPromptBehavior: dismiss and notify, webauthn:extension:credBlob: true, webauthn:extension:largeBlob: true, webauthn:extension:minPinLength: true, webauthn:extension:prf: true, webauthn:virtualAuthenticators: true}\nElement: [[ChromeDriver: chrome on windows (14171043e0a0a158f4c6b6d6fdb8ea3e)] -> xpath: (//button[@class='wt-btn wt-btn--filled wt-width-full'])[1]]\nSession ID: 14171043e0a0a158f4c6b6d6fdb8ea3e\r\n\tat java.base/jdk.internal.reflect.DirectConstructorHandleAccessor.newInstance(DirectConstructorHandleAccessor.java:67)\r\n\tat java.base/java.lang.reflect.Constructor.newInstanceWithCaller(Constructor.java:500)\r\n\tat java.base/java.lang.reflect.Constructor.newInstance(Constructor.java:484)\r\n\tat org.openqa.selenium.remote.codec.w3c.W3CHttpResponseCodec.createException(W3CHttpResponseCodec.java:200)\r\n\tat org.openqa.selenium.remote.codec.w3c.W3CHttpResponseCodec.decode(W3CHttpResponseCodec.java:133)\r\n\tat org.openqa.selenium.remote.codec.w3c.W3CHttpResponseCodec.decode(W3CHttpResponseCodec.java:53)\r\n\tat org.openqa.selenium.remote.HttpCommandExecutor.execute(HttpCommandExecutor.java:193)\r\n\tat org.openqa.selenium.remote.service.DriverCommandExecutor.invokeExecute(DriverCommandExecutor.java:183)\r\n\tat org.openqa.selenium.remote.service.DriverCommandExecutor.execute(DriverCommandExecutor.java:158)\r\n\tat org.openqa.selenium.remote.RemoteWebDriver.execute(RemoteWebDriver.java:543)\r\n\tat org.openqa.selenium.remote.RemoteWebElement.execute(RemoteWebElement.java:257)\r\n\tat org.openqa.selenium.remote.RemoteWebElement.click(RemoteWebElement.java:78)\r\n\tat java.base/jdk.internal.reflect.DirectMethodHandleAccessor.invoke(DirectMethodHandleAccessor.java:104)\r\n\tat java.base/java.lang.reflect.Method.invoke(Method.java:578)\r\n\tat org.openqa.selenium.support.pagefactory.internal.LocatingElementHandler.invoke(LocatingElementHandler.java:52)\r\n\tat jdk.proxy2/jdk.proxy2.$Proxy21.click(Unknown Source)\r\n\tat pages.EtsyPage.addToCart(EtsyPage.java:132)\r\n\tat stepDefinitions.etsyStepDefinition.sepeteUrunEkler(etsyStepDefinition.java:43)\r\n\tat ✽.Sepete urun ekler(file:///C:/Users/musta/IdeaProjects/com.etsyUi/src/test/resources/etsy.feature:18)\r\n"},"stage":"finished","steps":[],"attachments":[],"parameters":[],"start":1686402778335,"stop":1686402795533},{"name":"Then  Odeme islemlerini yapar","status":"skipped","statusDetails":{"known":false,"muted":false,"flaky":false},"stage":"finished","steps":[],"attachments":[],"parameters":[],"start":1686402795534,"stop":1686402795536},{"name":"And  Kart bilgilerini girer","status":"skipped","statusDetails":{"known":false,"muted":false,"flaky":false},"stage":"finished","steps":[],"attachments":[],"parameters":[],"start":1686402795536,"stop":1686402795538}],"attachments":[],"parameters":[],"start":1686402771601,"stop":1686402796057}